This file contains any messages produced by compilers while
running configure, to aid debugging if configure makes a mistake.

It was created by FULL-PACKAGE-NAME configure 1.0, which was
generated by GNU Autoconf 2.69.  Invocation command line was

  $ /Users/jagiella/Dropbox/Work/CODE/libnix/configure 

## --------- ##
## Platform. ##
## --------- ##

hostname = mb62258.scidom.de
uname -m = x86_64
uname -r = 14.0.0
uname -s = Darwin
uname -v = Darwin Kernel Version 14.0.0: Fri Sep 19 00:26:44 PDT 2014; root:xnu-2782.1.97~2/RELEASE_X86_64

/usr/bin/uname -p = i386
/bin/uname -X     = unknown

/bin/arch              = unknown
/usr/bin/arch -k       = unknown
/usr/convex/getsysinfo = unknown
/usr/bin/hostinfo      = Mach kernel version:
	 Darwin Kernel Version 14.0.0: Fri Sep 19 00:26:44 PDT 2014; root:xnu-2782.1.97~2/RELEASE_X86_64
Kernel configured for up to 8 processors.
4 processors are physically available.
8 processors are logically available.
Processor type: i486 (Intel 80486)
Processors active: 0 1 2 3 4 5 6 7
Primary memory available: 8.00 gigabytes
Default processor set: 243 tasks, 1101 threads, 8 processors
Load average: 2.92, Mach factor: 5.06
/bin/machine           = unknown
/usr/bin/oslevel       = unknown
/bin/universe          = unknown

PATH: /usr/bin
PATH: /bin
PATH: /usr/sbin
PATH: /sbin
PATH: /usr/bin
PATH: /bin
PATH: /usr/sbin
PATH: /sbin
PATH: /opt/local/bin


## ----------- ##
## Core tests. ##
## ----------- ##

configure:2502: checking for a BSD-compatible install
configure:2570: result: /usr/bin/install -c
configure:2581: checking whether build environment is sane
configure:2636: result: yes
configure:2787: checking for a thread-safe mkdir -p
configure:2826: result: config/install-sh -c -d
configure:2833: checking for gawk
configure:2849: found /opt/local/bin/gawk
configure:2860: result: gawk
configure:2871: checking whether make sets $(MAKE)
configure:2893: result: yes
configure:2922: checking whether make supports nested variables
configure:2939: result: yes
configure:3096: checking build system type
configure:3110: result: x86_64-apple-darwin14.0.0
configure:3130: checking host system type
configure:3143: result: x86_64-apple-darwin14.0.0
configure:3184: checking how to print strings
configure:3211: result: printf
configure:3244: checking for style of include used by make
configure:3272: result: GNU
configure:3343: checking for gcc
configure:3370: result: /opt/local/bin/g++-mp-4.9
configure:3599: checking for C compiler version
configure:3608: /opt/local/bin/g++-mp-4.9 --version >&5
g++-mp-4.9 (MacPorts gcc49 4.9.2_0) 4.9.2
Copyright (C) 2014 Free Software Foundation, Inc.
This is free software; see the source for copying conditions.  There is NO
warranty; not even for MERCHANTABILITY or FITNESS FOR A PARTICULAR PURPOSE.

configure:3619: $? = 0
configure:3608: /opt/local/bin/g++-mp-4.9 -v >&5
Using built-in specs.
COLLECT_GCC=/opt/local/bin/g++-mp-4.9
COLLECT_LTO_WRAPPER=/opt/local/libexec/gcc/x86_64-apple-darwin14/4.9.2/lto-wrapper
Target: x86_64-apple-darwin14
Configured with: /opt/local/var/macports/build/_opt_local_var_macports_sources_rsync.macports.org_release_tarballs_ports_lang_gcc49/gcc49/work/gcc-4.9.2/configure --prefix=/opt/local --build=x86_64-apple-darwin14 --enable-languages=c,c++,objc,obj-c++,lto,fortran,java --libdir=/opt/local/lib/gcc49 --includedir=/opt/local/include/gcc49 --infodir=/opt/local/share/info --mandir=/opt/local/share/man --datarootdir=/opt/local/share/gcc-4.9 --with-local-prefix=/opt/local --with-system-zlib --disable-nls --program-suffix=-mp-4.9 --with-gxx-include-dir=/opt/local/include/gcc49/c++/ --with-gmp=/opt/local --with-mpfr=/opt/local --with-mpc=/opt/local --with-cloog=/opt/local --enable-cloog-backend=isl --disable-cloog-version-check --enable-stage1-checking --disable-multilib --enable-lto --enable-libstdcxx-time --with-as=/opt/local/bin/as --with-ld=/opt/local/bin/ld --with-ar=/opt/local/bin/ar --with-bugurl=https://trac.macports.org/newticket --with-pkgversion='MacPorts gcc49 4.9.2_0'
Thread model: posix
gcc version 4.9.2 (MacPorts gcc49 4.9.2_0) 
configure:3619: $? = 0
configure:3608: /opt/local/bin/g++-mp-4.9 -V >&5
g++-mp-4.9: error: unrecognized command line option '-V'
g++-mp-4.9: fatal error: no input files
compilation terminated.
configure:3619: $? = 1
configure:3608: /opt/local/bin/g++-mp-4.9 -qversion >&5
g++-mp-4.9: error: unrecognized command line option '-qversion'
g++-mp-4.9: fatal error: no input files
compilation terminated.
configure:3619: $? = 1
configure:3639: checking whether the C compiler works
configure:3661: /opt/local/bin/g++-mp-4.9   -I/opt/local/lib/gcc49/gcc/x86_64-apple-darwin14/4.9.1/include -I/opt/local/include  -L/opt/local/lib -L/opt/local/lib/gcc49 conftest.c  >&5
configure:3665: $? = 0
configure:3713: result: yes
configure:3716: checking for C compiler default output file name
configure:3718: result: a.out
configure:3724: checking for suffix of executables
configure:3731: /opt/local/bin/g++-mp-4.9 -o conftest   -I/opt/local/lib/gcc49/gcc/x86_64-apple-darwin14/4.9.1/include -I/opt/local/include  -L/opt/local/lib -L/opt/local/lib/gcc49 conftest.c  >&5
configure:3735: $? = 0
configure:3757: result: 
configure:3779: checking whether we are cross compiling
configure:3787: /opt/local/bin/g++-mp-4.9 -o conftest   -I/opt/local/lib/gcc49/gcc/x86_64-apple-darwin14/4.9.1/include -I/opt/local/include  -L/opt/local/lib -L/opt/local/lib/gcc49 conftest.c  >&5
configure:3791: $? = 0
configure:3798: ./conftest
configure:3802: $? = 0
configure:3817: result: no
configure:3822: checking for suffix of object files
configure:3844: /opt/local/bin/g++-mp-4.9 -c   -I/opt/local/lib/gcc49/gcc/x86_64-apple-darwin14/4.9.1/include -I/opt/local/include conftest.c >&5
configure:3848: $? = 0
configure:3869: result: o
configure:3873: checking whether we are using the GNU C compiler
configure:3892: /opt/local/bin/g++-mp-4.9 -c   -I/opt/local/lib/gcc49/gcc/x86_64-apple-darwin14/4.9.1/include -I/opt/local/include conftest.c >&5
configure:3892: $? = 0
configure:3901: result: yes
configure:3910: checking whether /opt/local/bin/g++-mp-4.9 accepts -g
configure:3930: /opt/local/bin/g++-mp-4.9 -c -g  -I/opt/local/lib/gcc49/gcc/x86_64-apple-darwin14/4.9.1/include -I/opt/local/include conftest.c >&5
configure:3930: $? = 0
configure:3971: result: yes
configure:3988: checking for /opt/local/bin/g++-mp-4.9 option to accept ISO C89
configure:4051: /opt/local/bin/g++-mp-4.9  -c -g -O2  -I/opt/local/lib/gcc49/gcc/x86_64-apple-darwin14/4.9.1/include -I/opt/local/include conftest.c >&5
conftest.c:17:17: error: 'p' was not declared in this scope
 static char *e (p, i)
                 ^
conftest.c:17:20: error: 'i' was not declared in this scope
 static char *e (p, i)
                    ^
conftest.c:17:21: error: expression list treated as compound expression in initializer [-fpermissive]
 static char *e (p, i)
                     ^
conftest.c:18:6: error: expected ',' or ';' before 'char'
      char **p;
      ^
conftest.c:20:1: error: expected unqualified-id before '{' token
 {
 ^
conftest.c: In function 'int main()':
conftest.c:56:21: error: cannot convert 'char*' to 'char* (*)(char**, int)' for argument '1' to 'char* f(char* (*)(char**, int), char**, ...)'
 return f (e, argv, 0) != argv[0]  ||  f (e, argv, 1) != argv[1];
                     ^
conftest.c:56:52: error: cannot convert 'char*' to 'char* (*)(char**, int)' for argument '1' to 'char* f(char* (*)(char**, int), char**, ...)'
 return f (e, argv, 0) != argv[0]  ||  f (e, argv, 1) != argv[1];
                                                    ^
configure:4051: $? = 1
configure: failed program was:
| /* confdefs.h */
| #define PACKAGE_NAME "FULL-PACKAGE-NAME"
| #define PACKAGE_TARNAME "full-package-name"
| #define PACKAGE_VERSION "1.0"
| #define PACKAGE_STRING "FULL-PACKAGE-NAME 1.0"
| #define PACKAGE_BUGREPORT "BUG-REPORT-ADDRESS"
| #define PACKAGE_URL ""
| #define PACKAGE "full-package-name"
| #define VERSION "1.0"
| /* end confdefs.h.  */
| #include <stdarg.h>
| #include <stdio.h>
| struct stat;
| /* Most of the following tests are stolen from RCS 5.7's src/conf.sh.  */
| struct buf { int x; };
| FILE * (*rcsopen) (struct buf *, struct stat *, int);
| static char *e (p, i)
|      char **p;
|      int i;
| {
|   return p[i];
| }
| static char *f (char * (*g) (char **, int), char **p, ...)
| {
|   char *s;
|   va_list v;
|   va_start (v,p);
|   s = g (p, va_arg (v,int));
|   va_end (v);
|   return s;
| }
| 
| /* OSF 4.0 Compaq cc is some sort of almost-ANSI by default.  It has
|    function prototypes and stuff, but not '\xHH' hex character constants.
|    These don't provoke an error unfortunately, instead are silently treated
|    as 'x'.  The following induces an error, until -std is added to get
|    proper ANSI mode.  Curiously '\x00'!='x' always comes out true, for an
|    array size at least.  It's necessary to write '\x00'==0 to get something
|    that's true only with -std.  */
| int osf4_cc_array ['\x00' == 0 ? 1 : -1];
| 
| /* IBM C 6 for AIX is almost-ANSI by default, but it replaces macro parameters
|    inside strings and character constants.  */
| #define FOO(x) 'x'
| int xlc6_cc_array[FOO(a) == 'x' ? 1 : -1];
| 
| int test (int i, double x);
| struct s1 {int (*f) (int a);};
| struct s2 {int (*f) (double a);};
| int pairnames (int, char **, FILE *(*)(struct buf *, struct stat *, int), int, int);
| int argc;
| char **argv;
| int
| main ()
| {
| return f (e, argv, 0) != argv[0]  ||  f (e, argv, 1) != argv[1];
|   ;
|   return 0;
| }
configure:4051: /opt/local/bin/g++-mp-4.9 -qlanglvl=extc89 -c -g -O2  -I/opt/local/lib/gcc49/gcc/x86_64-apple-darwin14/4.9.1/include -I/opt/local/include conftest.c >&5
g++-mp-4.9: error: unrecognized command line option '-qlanglvl=extc89'
configure:4051: $? = 1
configure: failed program was:
| /* confdefs.h */
| #define PACKAGE_NAME "FULL-PACKAGE-NAME"
| #define PACKAGE_TARNAME "full-package-name"
| #define PACKAGE_VERSION "1.0"
| #define PACKAGE_STRING "FULL-PACKAGE-NAME 1.0"
| #define PACKAGE_BUGREPORT "BUG-REPORT-ADDRESS"
| #define PACKAGE_URL ""
| #define PACKAGE "full-package-name"
| #define VERSION "1.0"
| /* end confdefs.h.  */
| #include <stdarg.h>
| #include <stdio.h>
| struct stat;
| /* Most of the following tests are stolen from RCS 5.7's src/conf.sh.  */
| struct buf { int x; };
| FILE * (*rcsopen) (struct buf *, struct stat *, int);
| static char *e (p, i)
|      char **p;
|      int i;
| {
|   return p[i];
| }
| static char *f (char * (*g) (char **, int), char **p, ...)
| {
|   char *s;
|   va_list v;
|   va_start (v,p);
|   s = g (p, va_arg (v,int));
|   va_end (v);
|   return s;
| }
| 
| /* OSF 4.0 Compaq cc is some sort of almost-ANSI by default.  It has
|    function prototypes and stuff, but not '\xHH' hex character constants.
|    These don't provoke an error unfortunately, instead are silently treated
|    as 'x'.  The following induces an error, until -std is added to get
|    proper ANSI mode.  Curiously '\x00'!='x' always comes out true, for an
|    array size at least.  It's necessary to write '\x00'==0 to get something
|    that's true only with -std.  */
| int osf4_cc_array ['\x00' == 0 ? 1 : -1];
| 
| /* IBM C 6 for AIX is almost-ANSI by default, but it replaces macro parameters
|    inside strings and character constants.  */
| #define FOO(x) 'x'
| int xlc6_cc_array[FOO(a) == 'x' ? 1 : -1];
| 
| int test (int i, double x);
| struct s1 {int (*f) (int a);};
| struct s2 {int (*f) (double a);};
| int pairnames (int, char **, FILE *(*)(struct buf *, struct stat *, int), int, int);
| int argc;
| char **argv;
| int
| main ()
| {
| return f (e, argv, 0) != argv[0]  ||  f (e, argv, 1) != argv[1];
|   ;
|   return 0;
| }
configure:4051: /opt/local/bin/g++-mp-4.9 -qlanglvl=ansi -c -g -O2  -I/opt/local/lib/gcc49/gcc/x86_64-apple-darwin14/4.9.1/include -I/opt/local/include conftest.c >&5
g++-mp-4.9: error: unrecognized command line option '-qlanglvl=ansi'
configure:4051: $? = 1
configure: failed program was:
| /* confdefs.h */
| #define PACKAGE_NAME "FULL-PACKAGE-NAME"
| #define PACKAGE_TARNAME "full-package-name"
| #define PACKAGE_VERSION "1.0"
| #define PACKAGE_STRING "FULL-PACKAGE-NAME 1.0"
| #define PACKAGE_BUGREPORT "BUG-REPORT-ADDRESS"
| #define PACKAGE_URL ""
| #define PACKAGE "full-package-name"
| #define VERSION "1.0"
| /* end confdefs.h.  */
| #include <stdarg.h>
| #include <stdio.h>
| struct stat;
| /* Most of the following tests are stolen from RCS 5.7's src/conf.sh.  */
| struct buf { int x; };
| FILE * (*rcsopen) (struct buf *, struct stat *, int);
| static char *e (p, i)
|      char **p;
|      int i;
| {
|   return p[i];
| }
| static char *f (char * (*g) (char **, int), char **p, ...)
| {
|   char *s;
|   va_list v;
|   va_start (v,p);
|   s = g (p, va_arg (v,int));
|   va_end (v);
|   return s;
| }
| 
| /* OSF 4.0 Compaq cc is some sort of almost-ANSI by default.  It has
|    function prototypes and stuff, but not '\xHH' hex character constants.
|    These don't provoke an error unfortunately, instead are silently treated
|    as 'x'.  The following induces an error, until -std is added to get
|    proper ANSI mode.  Curiously '\x00'!='x' always comes out true, for an
|    array size at least.  It's necessary to write '\x00'==0 to get something
|    that's true only with -std.  */
| int osf4_cc_array ['\x00' == 0 ? 1 : -1];
| 
| /* IBM C 6 for AIX is almost-ANSI by default, but it replaces macro parameters
|    inside strings and character constants.  */
| #define FOO(x) 'x'
| int xlc6_cc_array[FOO(a) == 'x' ? 1 : -1];
| 
| int test (int i, double x);
| struct s1 {int (*f) (int a);};
| struct s2 {int (*f) (double a);};
| int pairnames (int, char **, FILE *(*)(struct buf *, struct stat *, int), int, int);
| int argc;
| char **argv;
| int
| main ()
| {
| return f (e, argv, 0) != argv[0]  ||  f (e, argv, 1) != argv[1];
|   ;
|   return 0;
| }
configure:4051: /opt/local/bin/g++-mp-4.9 -std -c -g -O2  -I/opt/local/lib/gcc49/gcc/x86_64-apple-darwin14/4.9.1/include -I/opt/local/include conftest.c >&5
g++-mp-4.9: error: unrecognized command line option '-std'
configure:4051: $? = 1
configure: failed program was:
| /* confdefs.h */
| #define PACKAGE_NAME "FULL-PACKAGE-NAME"
| #define PACKAGE_TARNAME "full-package-name"
| #define PACKAGE_VERSION "1.0"
| #define PACKAGE_STRING "FULL-PACKAGE-NAME 1.0"
| #define PACKAGE_BUGREPORT "BUG-REPORT-ADDRESS"
| #define PACKAGE_URL ""
| #define PACKAGE "full-package-name"
| #define VERSION "1.0"
| /* end confdefs.h.  */
| #include <stdarg.h>
| #include <stdio.h>
| struct stat;
| /* Most of the following tests are stolen from RCS 5.7's src/conf.sh.  */
| struct buf { int x; };
| FILE * (*rcsopen) (struct buf *, struct stat *, int);
| static char *e (p, i)
|      char **p;
|      int i;
| {
|   return p[i];
| }
| static char *f (char * (*g) (char **, int), char **p, ...)
| {
|   char *s;
|   va_list v;
|   va_start (v,p);
|   s = g (p, va_arg (v,int));
|   va_end (v);
|   return s;
| }
| 
| /* OSF 4.0 Compaq cc is some sort of almost-ANSI by default.  It has
|    function prototypes and stuff, but not '\xHH' hex character constants.
|    These don't provoke an error unfortunately, instead are silently treated
|    as 'x'.  The following induces an error, until -std is added to get
|    proper ANSI mode.  Curiously '\x00'!='x' always comes out true, for an
|    array size at least.  It's necessary to write '\x00'==0 to get something
|    that's true only with -std.  */
| int osf4_cc_array ['\x00' == 0 ? 1 : -1];
| 
| /* IBM C 6 for AIX is almost-ANSI by default, but it replaces macro parameters
|    inside strings and character constants.  */
| #define FOO(x) 'x'
| int xlc6_cc_array[FOO(a) == 'x' ? 1 : -1];
| 
| int test (int i, double x);
| struct s1 {int (*f) (int a);};
| struct s2 {int (*f) (double a);};
| int pairnames (int, char **, FILE *(*)(struct buf *, struct stat *, int), int, int);
| int argc;
| char **argv;
| int
| main ()
| {
| return f (e, argv, 0) != argv[0]  ||  f (e, argv, 1) != argv[1];
|   ;
|   return 0;
| }
configure:4051: /opt/local/bin/g++-mp-4.9 -Ae -c -g -O2  -I/opt/local/lib/gcc49/gcc/x86_64-apple-darwin14/4.9.1/include -I/opt/local/include conftest.c >&5
<command-line>:0:1: error: missing '(' after predicate
conftest.c:17:17: error: 'p' was not declared in this scope
 static char *e (p, i)
                 ^
conftest.c:17:20: error: 'i' was not declared in this scope
 static char *e (p, i)
                    ^
conftest.c:17:21: error: expression list treated as compound expression in initializer [-fpermissive]
 static char *e (p, i)
                     ^
conftest.c:18:6: error: expected ',' or ';' before 'char'
      char **p;
      ^
conftest.c:20:1: error: expected unqualified-id before '{' token
 {
 ^
conftest.c: In function 'int main()':
conftest.c:56:21: error: cannot convert 'char*' to 'char* (*)(char**, int)' for argument '1' to 'char* f(char* (*)(char**, int), char**, ...)'
 return f (e, argv, 0) != argv[0]  ||  f (e, argv, 1) != argv[1];
                     ^
conftest.c:56:52: error: cannot convert 'char*' to 'char* (*)(char**, int)' for argument '1' to 'char* f(char* (*)(char**, int), char**, ...)'
 return f (e, argv, 0) != argv[0]  ||  f (e, argv, 1) != argv[1];
                                                    ^
configure:4051: $? = 1
configure: failed program was:
| /* confdefs.h */
| #define PACKAGE_NAME "FULL-PACKAGE-NAME"
| #define PACKAGE_TARNAME "full-package-name"
| #define PACKAGE_VERSION "1.0"
| #define PACKAGE_STRING "FULL-PACKAGE-NAME 1.0"
| #define PACKAGE_BUGREPORT "BUG-REPORT-ADDRESS"
| #define PACKAGE_URL ""
| #define PACKAGE "full-package-name"
| #define VERSION "1.0"
| /* end confdefs.h.  */
| #include <stdarg.h>
| #include <stdio.h>
| struct stat;
| /* Most of the following tests are stolen from RCS 5.7's src/conf.sh.  */
| struct buf { int x; };
| FILE * (*rcsopen) (struct buf *, struct stat *, int);
| static char *e (p, i)
|      char **p;
|      int i;
| {
|   return p[i];
| }
| static char *f (char * (*g) (char **, int), char **p, ...)
| {
|   char *s;
|   va_list v;
|   va_start (v,p);
|   s = g (p, va_arg (v,int));
|   va_end (v);
|   return s;
| }
| 
| /* OSF 4.0 Compaq cc is some sort of almost-ANSI by default.  It has
|    function prototypes and stuff, but not '\xHH' hex character constants.
|    These don't provoke an error unfortunately, instead are silently treated
|    as 'x'.  The following induces an error, until -std is added to get
|    proper ANSI mode.  Curiously '\x00'!='x' always comes out true, for an
|    array size at least.  It's necessary to write '\x00'==0 to get something
|    that's true only with -std.  */
| int osf4_cc_array ['\x00' == 0 ? 1 : -1];
| 
| /* IBM C 6 for AIX is almost-ANSI by default, but it replaces macro parameters
|    inside strings and character constants.  */
| #define FOO(x) 'x'
| int xlc6_cc_array[FOO(a) == 'x' ? 1 : -1];
| 
| int test (int i, double x);
| struct s1 {int (*f) (int a);};
| struct s2 {int (*f) (double a);};
| int pairnames (int, char **, FILE *(*)(struct buf *, struct stat *, int), int, int);
| int argc;
| char **argv;
| int
| main ()
| {
| return f (e, argv, 0) != argv[0]  ||  f (e, argv, 1) != argv[1];
|   ;
|   return 0;
| }
configure:4051: /opt/local/bin/g++-mp-4.9 -Aa -D_HPUX_SOURCE -c -g -O2  -I/opt/local/lib/gcc49/gcc/x86_64-apple-darwin14/4.9.1/include -I/opt/local/include conftest.c >&5
<command-line>:0:1: error: missing '(' after predicate
conftest.c:17:17: error: 'p' was not declared in this scope
 static char *e (p, i)
                 ^
conftest.c:17:20: error: 'i' was not declared in this scope
 static char *e (p, i)
                    ^
conftest.c:17:21: error: expression list treated as compound expression in initializer [-fpermissive]
 static char *e (p, i)
                     ^
conftest.c:18:6: error: expected ',' or ';' before 'char'
      char **p;
      ^
conftest.c:20:1: error: expected unqualified-id before '{' token
 {
 ^
conftest.c: In function 'int main()':
conftest.c:56:21: error: cannot convert 'char*' to 'char* (*)(char**, int)' for argument '1' to 'char* f(char* (*)(char**, int), char**, ...)'
 return f (e, argv, 0) != argv[0]  ||  f (e, argv, 1) != argv[1];
                     ^
conftest.c:56:52: error: cannot convert 'char*' to 'char* (*)(char**, int)' for argument '1' to 'char* f(char* (*)(char**, int), char**, ...)'
 return f (e, argv, 0) != argv[0]  ||  f (e, argv, 1) != argv[1];
                                                    ^
configure:4051: $? = 1
configure: failed program was:
| /* confdefs.h */
| #define PACKAGE_NAME "FULL-PACKAGE-NAME"
| #define PACKAGE_TARNAME "full-package-name"
| #define PACKAGE_VERSION "1.0"
| #define PACKAGE_STRING "FULL-PACKAGE-NAME 1.0"
| #define PACKAGE_BUGREPORT "BUG-REPORT-ADDRESS"
| #define PACKAGE_URL ""
| #define PACKAGE "full-package-name"
| #define VERSION "1.0"
| /* end confdefs.h.  */
| #include <stdarg.h>
| #include <stdio.h>
| struct stat;
| /* Most of the following tests are stolen from RCS 5.7's src/conf.sh.  */
| struct buf { int x; };
| FILE * (*rcsopen) (struct buf *, struct stat *, int);
| static char *e (p, i)
|      char **p;
|      int i;
| {
|   return p[i];
| }
| static char *f (char * (*g) (char **, int), char **p, ...)
| {
|   char *s;
|   va_list v;
|   va_start (v,p);
|   s = g (p, va_arg (v,int));
|   va_end (v);
|   return s;
| }
| 
| /* OSF 4.0 Compaq cc is some sort of almost-ANSI by default.  It has
|    function prototypes and stuff, but not '\xHH' hex character constants.
|    These don't provoke an error unfortunately, instead are silently treated
|    as 'x'.  The following induces an error, until -std is added to get
|    proper ANSI mode.  Curiously '\x00'!='x' always comes out true, for an
|    array size at least.  It's necessary to write '\x00'==0 to get something
|    that's true only with -std.  */
| int osf4_cc_array ['\x00' == 0 ? 1 : -1];
| 
| /* IBM C 6 for AIX is almost-ANSI by default, but it replaces macro parameters
|    inside strings and character constants.  */
| #define FOO(x) 'x'
| int xlc6_cc_array[FOO(a) == 'x' ? 1 : -1];
| 
| int test (int i, double x);
| struct s1 {int (*f) (int a);};
| struct s2 {int (*f) (double a);};
| int pairnames (int, char **, FILE *(*)(struct buf *, struct stat *, int), int, int);
| int argc;
| char **argv;
| int
| main ()
| {
| return f (e, argv, 0) != argv[0]  ||  f (e, argv, 1) != argv[1];
|   ;
|   return 0;
| }
configure:4051: /opt/local/bin/g++-mp-4.9 -Xc -D__EXTENSIONS__ -c -g -O2  -I/opt/local/lib/gcc49/gcc/x86_64-apple-darwin14/4.9.1/include -I/opt/local/include conftest.c >&5
g++-mp-4.9: error: unrecognized command line option '-Xc'
configure:4051: $? = 1
configure: failed program was:
| /* confdefs.h */
| #define PACKAGE_NAME "FULL-PACKAGE-NAME"
| #define PACKAGE_TARNAME "full-package-name"
| #define PACKAGE_VERSION "1.0"
| #define PACKAGE_STRING "FULL-PACKAGE-NAME 1.0"
| #define PACKAGE_BUGREPORT "BUG-REPORT-ADDRESS"
| #define PACKAGE_URL ""
| #define PACKAGE "full-package-name"
| #define VERSION "1.0"
| /* end confdefs.h.  */
| #include <stdarg.h>
| #include <stdio.h>
| struct stat;
| /* Most of the following tests are stolen from RCS 5.7's src/conf.sh.  */
| struct buf { int x; };
| FILE * (*rcsopen) (struct buf *, struct stat *, int);
| static char *e (p, i)
|      char **p;
|      int i;
| {
|   return p[i];
| }
| static char *f (char * (*g) (char **, int), char **p, ...)
| {
|   char *s;
|   va_list v;
|   va_start (v,p);
|   s = g (p, va_arg (v,int));
|   va_end (v);
|   return s;
| }
| 
| /* OSF 4.0 Compaq cc is some sort of almost-ANSI by default.  It has
|    function prototypes and stuff, but not '\xHH' hex character constants.
|    These don't provoke an error unfortunately, instead are silently treated
|    as 'x'.  The following induces an error, until -std is added to get
|    proper ANSI mode.  Curiously '\x00'!='x' always comes out true, for an
|    array size at least.  It's necessary to write '\x00'==0 to get something
|    that's true only with -std.  */
| int osf4_cc_array ['\x00' == 0 ? 1 : -1];
| 
| /* IBM C 6 for AIX is almost-ANSI by default, but it replaces macro parameters
|    inside strings and character constants.  */
| #define FOO(x) 'x'
| int xlc6_cc_array[FOO(a) == 'x' ? 1 : -1];
| 
| int test (int i, double x);
| struct s1 {int (*f) (int a);};
| struct s2 {int (*f) (double a);};
| int pairnames (int, char **, FILE *(*)(struct buf *, struct stat *, int), int, int);
| int argc;
| char **argv;
| int
| main ()
| {
| return f (e, argv, 0) != argv[0]  ||  f (e, argv, 1) != argv[1];
|   ;
|   return 0;
| }
configure:4067: result: unsupported
configure:4089: checking whether /opt/local/bin/g++-mp-4.9 understands -c and -o together
configure:4111: /opt/local/bin/g++-mp-4.9 -c conftest.c -o conftest2.o
configure:4114: $? = 0
configure:4111: /opt/local/bin/g++-mp-4.9 -c conftest.c -o conftest2.o
configure:4114: $? = 0
configure:4126: result: yes
configure:4145: checking dependency style of /opt/local/bin/g++-mp-4.9
configure:4256: result: gcc3
configure:4271: checking for a sed that does not truncate output
configure:4335: result: /opt/local/bin/gsed
configure:4353: checking for grep that handles long lines and -e
configure:4411: result: /opt/local/bin/grep
configure:4416: checking for egrep
configure:4478: result: /opt/local/bin/grep -E
configure:4483: checking for fgrep
configure:4545: result: /opt/local/bin/grep -F
configure:4580: checking for ld used by /opt/local/bin/g++-mp-4.9
configure:4647: result: /opt/local/bin/ld
configure:4654: checking if the linker (/opt/local/bin/ld) is GNU ld
configure:4669: result: no
configure:4681: checking for BSD- or MS-compatible name lister (nm)
configure:4730: result: /usr/bin/nm
configure:4860: checking the name lister (/usr/bin/nm) interface
configure:4867: /opt/local/bin/g++-mp-4.9 -c -g -O2  -I/opt/local/lib/gcc49/gcc/x86_64-apple-darwin14/4.9.1/include -I/opt/local/include conftest.c >&5
configure:4870: /usr/bin/nm "conftest.o"
configure:4873: output
000000000000019c S _some_variable
configure:4880: result: BSD nm
configure:4883: checking whether ln -s works
configure:4887: result: yes
configure:4895: checking the maximum length of command line arguments
configure:5025: result: 196608
configure:5042: checking whether the shell understands some XSI constructs
configure:5052: result: yes
configure:5056: checking whether the shell understands "+="
configure:5062: result: yes
configure:5097: checking how to convert x86_64-apple-darwin14.0.0 file names to x86_64-apple-darwin14.0.0 format
configure:5137: result: func_convert_file_noop
configure:5144: checking how to convert x86_64-apple-darwin14.0.0 file names to toolchain format
configure:5164: result: func_convert_file_noop
configure:5171: checking for /opt/local/bin/ld option to reload object files
configure:5178: result: -r
configure:5252: checking for objdump
configure:5282: result: no
configure:5311: checking how to recognize dependent libraries
configure:5513: result: pass_all
configure:5598: checking for dlltool
configure:5628: result: no
configure:5658: checking how to associate runtime and link libraries
configure:5685: result: printf %s\n
configure:5746: checking for ar
configure:5762: found /usr/bin/ar
configure:5773: result: ar
configure:5810: checking for archiver @FILE support
configure:5827: /opt/local/bin/g++-mp-4.9 -c -g -O2  -I/opt/local/lib/gcc49/gcc/x86_64-apple-darwin14/4.9.1/include -I/opt/local/include conftest.c >&5
configure:5827: $? = 0
configure:5830: ar cru libconftest.a @conftest.lst >&5
ar: @conftest.lst: No such file or directory
configure:5833: $? = 1
configure:5853: result: no
configure:5911: checking for strip
configure:5927: found /usr/bin/strip
configure:5938: result: strip
configure:6010: checking for ranlib
configure:6026: found /usr/bin/ranlib
configure:6037: result: ranlib
configure:6139: checking command to parse /usr/bin/nm output from /opt/local/bin/g++-mp-4.9 object
configure:6259: /opt/local/bin/g++-mp-4.9 -c -g -O2  -I/opt/local/lib/gcc49/gcc/x86_64-apple-darwin14/4.9.1/include -I/opt/local/include conftest.c >&5
configure:6262: $? = 0
configure:6266: /usr/bin/nm conftest.o \| sed -n -e 's/^.*[ ]\([BCDEGRST][BCDEGRST]*\)[ ][ ]*\([_A-Za-z][_A-Za-z0-9]*\)$/\1 \2 \2/p' | sed '/ __gnu_lto/d' \> conftest.nm
configure:6269: $? = 0
cannot find nm_test_var in conftest.nm
configure:6259: /opt/local/bin/g++-mp-4.9 -c -g -O2  -I/opt/local/lib/gcc49/gcc/x86_64-apple-darwin14/4.9.1/include -I/opt/local/include conftest.c >&5
configure:6262: $? = 0
configure:6266: /usr/bin/nm conftest.o \| sed -n -e 's/^.*[ ]\([BCDEGRST][BCDEGRST]*\)[ ][ ]*_\([_A-Za-z][_A-Za-z0-9]*\)$/\1 _\2 \2/p' | sed '/ __gnu_lto/d' \> conftest.nm
configure:6269: $? = 0
configure:6335: /opt/local/bin/g++-mp-4.9 -o conftest -g -O2  -I/opt/local/lib/gcc49/gcc/x86_64-apple-darwin14/4.9.1/include -I/opt/local/include  -L/opt/local/lib -L/opt/local/lib/gcc49 conftest.c conftstm.o >&5
configure:6338: $? = 0
configure:6376: result: ok
configure:6413: checking for sysroot
configure:6443: result: no
configure:6699: checking for mt
configure:6729: result: no
configure:6749: checking if : is a manifest tool
configure:6755: : '-?'
configure:6763: result: no
configure:6819: checking for dsymutil
configure:6835: found /usr/bin/dsymutil
configure:6846: result: dsymutil
configure:6911: checking for nmedit
configure:6927: found /usr/bin/nmedit
configure:6938: result: nmedit
configure:7003: checking for lipo
configure:7019: found /usr/bin/lipo
configure:7030: result: lipo
configure:7095: checking for otool
configure:7111: found /usr/bin/otool
configure:7122: result: otool
configure:7187: checking for otool64
configure:7217: result: no
configure:7262: checking for -single_module linker flag
/opt/local/bin/g++-mp-4.9 -g -O2  -L/opt/local/lib -L/opt/local/lib/gcc49 -o libconftest.dylib -dynamiclib -Wl,-single_module conftest.c
configure:7295: result: yes
configure:7298: checking for -exported_symbols_list linker flag
configure:7318: /opt/local/bin/g++-mp-4.9 -o conftest -g -O2  -I/opt/local/lib/gcc49/gcc/x86_64-apple-darwin14/4.9.1/include -I/opt/local/include  -L/opt/local/lib -L/opt/local/lib/gcc49 -Wl,-exported_symbols_list,conftest.sym conftest.c  >&5
configure:7318: $? = 0
configure:7328: result: yes
configure:7331: checking for -force_load linker flag
/opt/local/bin/g++-mp-4.9 -g -O2 -c -o conftest.o conftest.c
ar cru libconftest.a conftest.o
ranlib libconftest.a
/opt/local/bin/g++-mp-4.9 -g -O2  -L/opt/local/lib -L/opt/local/lib/gcc49 -o conftest conftest.c -Wl,-force_load,./libconftest.a
configure:7363: result: yes
configure:7405: checking how to run the C preprocessor
configure:7436: /opt/local/bin/g++-mp-4.9 -E  -I/opt/local/lib/gcc49/gcc/x86_64-apple-darwin14/4.9.1/include -I/opt/local/include conftest.c
configure:7436: $? = 0
configure:7450: /opt/local/bin/g++-mp-4.9 -E  -I/opt/local/lib/gcc49/gcc/x86_64-apple-darwin14/4.9.1/include -I/opt/local/include conftest.c
conftest.c:11:28: fatal error: ac_nonexistent.h: No such file or directory
 #include <ac_nonexistent.h>
                            ^
compilation terminated.
configure:7450: $? = 1
configure: failed program was:
| /* confdefs.h */
| #define PACKAGE_NAME "FULL-PACKAGE-NAME"
| #define PACKAGE_TARNAME "full-package-name"
| #define PACKAGE_VERSION "1.0"
| #define PACKAGE_STRING "FULL-PACKAGE-NAME 1.0"
| #define PACKAGE_BUGREPORT "BUG-REPORT-ADDRESS"
| #define PACKAGE_URL ""
| #define PACKAGE "full-package-name"
| #define VERSION "1.0"
| /* end confdefs.h.  */
| #include <ac_nonexistent.h>
configure:7475: result: /opt/local/bin/g++-mp-4.9 -E
configure:7495: /opt/local/bin/g++-mp-4.9 -E  -I/opt/local/lib/gcc49/gcc/x86_64-apple-darwin14/4.9.1/include -I/opt/local/include conftest.c
configure:7495: $? = 0
configure:7509: /opt/local/bin/g++-mp-4.9 -E  -I/opt/local/lib/gcc49/gcc/x86_64-apple-darwin14/4.9.1/include -I/opt/local/include conftest.c
conftest.c:11:28: fatal error: ac_nonexistent.h: No such file or directory
 #include <ac_nonexistent.h>
                            ^
compilation terminated.
configure:7509: $? = 1
configure: failed program was:
| /* confdefs.h */
| #define PACKAGE_NAME "FULL-PACKAGE-NAME"
| #define PACKAGE_TARNAME "full-package-name"
| #define PACKAGE_VERSION "1.0"
| #define PACKAGE_STRING "FULL-PACKAGE-NAME 1.0"
| #define PACKAGE_BUGREPORT "BUG-REPORT-ADDRESS"
| #define PACKAGE_URL ""
| #define PACKAGE "full-package-name"
| #define VERSION "1.0"
| /* end confdefs.h.  */
| #include <ac_nonexistent.h>
configure:7538: checking for ANSI C header files
configure:7558: /opt/local/bin/g++-mp-4.9 -c -g -O2  -I/opt/local/lib/gcc49/gcc/x86_64-apple-darwin14/4.9.1/include -I/opt/local/include conftest.c >&5
configure:7558: $? = 0
configure:7631: /opt/local/bin/g++-mp-4.9 -o conftest -g -O2  -I/opt/local/lib/gcc49/gcc/x86_64-apple-darwin14/4.9.1/include -I/opt/local/include  -L/opt/local/lib -L/opt/local/lib/gcc49 conftest.c  >&5
configure:7631: $? = 0
configure:7631: ./conftest
configure:7631: $? = 0
configure:7642: result: yes
configure:7655: checking for sys/types.h
configure:7655: /opt/local/bin/g++-mp-4.9 -c -g -O2  -I/opt/local/lib/gcc49/gcc/x86_64-apple-darwin14/4.9.1/include -I/opt/local/include conftest.c >&5
configure:7655: $? = 0
configure:7655: result: yes
configure:7655: checking for sys/stat.h
configure:7655: /opt/local/bin/g++-mp-4.9 -c -g -O2  -I/opt/local/lib/gcc49/gcc/x86_64-apple-darwin14/4.9.1/include -I/opt/local/include conftest.c >&5
configure:7655: $? = 0
configure:7655: result: yes
configure:7655: checking for stdlib.h
configure:7655: /opt/local/bin/g++-mp-4.9 -c -g -O2  -I/opt/local/lib/gcc49/gcc/x86_64-apple-darwin14/4.9.1/include -I/opt/local/include conftest.c >&5
configure:7655: $? = 0
configure:7655: result: yes
configure:7655: checking for string.h
configure:7655: /opt/local/bin/g++-mp-4.9 -c -g -O2  -I/opt/local/lib/gcc49/gcc/x86_64-apple-darwin14/4.9.1/include -I/opt/local/include conftest.c >&5
configure:7655: $? = 0
configure:7655: result: yes
configure:7655: checking for memory.h
configure:7655: /opt/local/bin/g++-mp-4.9 -c -g -O2  -I/opt/local/lib/gcc49/gcc/x86_64-apple-darwin14/4.9.1/include -I/opt/local/include conftest.c >&5
configure:7655: $? = 0
configure:7655: result: yes
configure:7655: checking for strings.h
configure:7655: /opt/local/bin/g++-mp-4.9 -c -g -O2  -I/opt/local/lib/gcc49/gcc/x86_64-apple-darwin14/4.9.1/include -I/opt/local/include conftest.c >&5
configure:7655: $? = 0
configure:7655: result: yes
configure:7655: checking for inttypes.h
configure:7655: /opt/local/bin/g++-mp-4.9 -c -g -O2  -I/opt/local/lib/gcc49/gcc/x86_64-apple-darwin14/4.9.1/include -I/opt/local/include conftest.c >&5
configure:7655: $? = 0
configure:7655: result: yes
configure:7655: checking for stdint.h
configure:7655: /opt/local/bin/g++-mp-4.9 -c -g -O2  -I/opt/local/lib/gcc49/gcc/x86_64-apple-darwin14/4.9.1/include -I/opt/local/include conftest.c >&5
configure:7655: $? = 0
configure:7655: result: yes
configure:7655: checking for unistd.h
configure:7655: /opt/local/bin/g++-mp-4.9 -c -g -O2  -I/opt/local/lib/gcc49/gcc/x86_64-apple-darwin14/4.9.1/include -I/opt/local/include conftest.c >&5
configure:7655: $? = 0
configure:7655: result: yes
configure:7669: checking for dlfcn.h
configure:7669: /opt/local/bin/g++-mp-4.9 -c -g -O2  -I/opt/local/lib/gcc49/gcc/x86_64-apple-darwin14/4.9.1/include -I/opt/local/include conftest.c >&5
configure:7669: $? = 0
configure:7669: result: yes
configure:7875: checking for objdir
configure:7890: result: .libs
configure:8161: checking if /opt/local/bin/g++-mp-4.9 supports -fno-rtti -fno-exceptions
configure:8179: /opt/local/bin/g++-mp-4.9 -c -g -O2  -I/opt/local/lib/gcc49/gcc/x86_64-apple-darwin14/4.9.1/include -I/opt/local/include -fno-rtti -fno-exceptions conftest.c >&5
configure:8183: $? = 0
configure:8196: result: yes
configure:8523: checking for /opt/local/bin/g++-mp-4.9 option to produce PIC
configure:8530: result: -fno-common -DPIC
configure:8538: checking if /opt/local/bin/g++-mp-4.9 PIC flag -fno-common -DPIC works
configure:8556: /opt/local/bin/g++-mp-4.9 -c -g -O2  -I/opt/local/lib/gcc49/gcc/x86_64-apple-darwin14/4.9.1/include -I/opt/local/include -fno-common -DPIC -DPIC conftest.c >&5
configure:8560: $? = 0
configure:8573: result: yes
configure:8602: checking if /opt/local/bin/g++-mp-4.9 static flag -static works
configure:8630: result: no
configure:8645: checking if /opt/local/bin/g++-mp-4.9 supports -c -o file.o
configure:8666: /opt/local/bin/g++-mp-4.9 -c -g -O2  -I/opt/local/lib/gcc49/gcc/x86_64-apple-darwin14/4.9.1/include -I/opt/local/include -o out/conftest2.o conftest.c >&5
configure:8670: $? = 0
configure:8692: result: yes
configure:8700: checking if /opt/local/bin/g++-mp-4.9 supports -c -o file.o
configure:8747: result: yes
configure:8780: checking whether the /opt/local/bin/g++-mp-4.9 linker (/opt/local/bin/ld) supports shared libraries
configure:9933: result: yes
configure:10173: checking dynamic linker characteristics
configure:10906: result: darwin14.0.0 dyld
configure:11013: checking how to hardcode library paths into programs
configure:11038: result: immediate
configure:11578: checking whether stripping libraries is possible
configure:11592: result: yes
configure:11618: checking if libtool supports shared libraries
configure:11620: result: yes
configure:11623: checking whether to build shared libraries
configure:11644: result: yes
configure:11647: checking whether to build static libraries
configure:11651: result: yes
configure:11805: checking for g++-mp-4.9
configure:11821: found /opt/local/bin/g++-mp-4.9
configure:11832: result: g++-mp-4.9
configure:11859: checking for C++ compiler version
configure:11868: g++-mp-4.9 --version >&5
g++-mp-4.9 (MacPorts gcc49 4.9.2_0) 4.9.2
Copyright (C) 2014 Free Software Foundation, Inc.
This is free software; see the source for copying conditions.  There is NO
warranty; not even for MERCHANTABILITY or FITNESS FOR A PARTICULAR PURPOSE.

configure:11879: $? = 0
configure:11868: g++-mp-4.9 -v >&5
Using built-in specs.
COLLECT_GCC=g++-mp-4.9
COLLECT_LTO_WRAPPER=/opt/local/libexec/gcc/x86_64-apple-darwin14/4.9.2/lto-wrapper
Target: x86_64-apple-darwin14
Configured with: /opt/local/var/macports/build/_opt_local_var_macports_sources_rsync.macports.org_release_tarballs_ports_lang_gcc49/gcc49/work/gcc-4.9.2/configure --prefix=/opt/local --build=x86_64-apple-darwin14 --enable-languages=c,c++,objc,obj-c++,lto,fortran,java --libdir=/opt/local/lib/gcc49 --includedir=/opt/local/include/gcc49 --infodir=/opt/local/share/info --mandir=/opt/local/share/man --datarootdir=/opt/local/share/gcc-4.9 --with-local-prefix=/opt/local --with-system-zlib --disable-nls --program-suffix=-mp-4.9 --with-gxx-include-dir=/opt/local/include/gcc49/c++/ --with-gmp=/opt/local --with-mpfr=/opt/local --with-mpc=/opt/local --with-cloog=/opt/local --enable-cloog-backend=isl --disable-cloog-version-check --enable-stage1-checking --disable-multilib --enable-lto --enable-libstdcxx-time --with-as=/opt/local/bin/as --with-ld=/opt/local/bin/ld --with-ar=/opt/local/bin/ar --with-bugurl=https://trac.macports.org/newticket --with-pkgversion='MacPorts gcc49 4.9.2_0'
Thread model: posix
gcc version 4.9.2 (MacPorts gcc49 4.9.2_0) 
configure:11879: $? = 0
configure:11868: g++-mp-4.9 -V >&5
g++-mp-4.9: error: unrecognized command line option '-V'
g++-mp-4.9: fatal error: no input files
compilation terminated.
configure:11879: $? = 1
configure:11868: g++-mp-4.9 -qversion >&5
g++-mp-4.9: error: unrecognized command line option '-qversion'
g++-mp-4.9: fatal error: no input files
compilation terminated.
configure:11879: $? = 1
configure:11883: checking whether we are using the GNU C++ compiler
configure:11902: g++-mp-4.9 -c   -I/opt/local/lib/gcc49/gcc/x86_64-apple-darwin14/4.9.1/include -I/opt/local/include conftest.cpp >&5
configure:11902: $? = 0
configure:11911: result: yes
configure:11920: checking whether g++-mp-4.9 accepts -g
configure:11940: g++-mp-4.9 -c -g  -I/opt/local/lib/gcc49/gcc/x86_64-apple-darwin14/4.9.1/include -I/opt/local/include conftest.cpp >&5
configure:11940: $? = 0
configure:11981: result: yes
configure:12006: checking dependency style of g++-mp-4.9
configure:12117: result: gcc3
configure:12150: checking how to run the C++ preprocessor
configure:12177: g++-mp-4.9 -E  -I/opt/local/lib/gcc49/gcc/x86_64-apple-darwin14/4.9.1/include -I/opt/local/include conftest.cpp
configure:12177: $? = 0
configure:12191: g++-mp-4.9 -E  -I/opt/local/lib/gcc49/gcc/x86_64-apple-darwin14/4.9.1/include -I/opt/local/include conftest.cpp
conftest.cpp:23:28: fatal error: ac_nonexistent.h: No such file or directory
 #include <ac_nonexistent.h>
                            ^
compilation terminated.
configure:12191: $? = 1
configure: failed program was:
| /* confdefs.h */
| #define PACKAGE_NAME "FULL-PACKAGE-NAME"
| #define PACKAGE_TARNAME "full-package-name"
| #define PACKAGE_VERSION "1.0"
| #define PACKAGE_STRING "FULL-PACKAGE-NAME 1.0"
| #define PACKAGE_BUGREPORT "BUG-REPORT-ADDRESS"
| #define PACKAGE_URL ""
| #define PACKAGE "full-package-name"
| #define VERSION "1.0"
| #define STDC_HEADERS 1
| #define HAVE_SYS_TYPES_H 1
| #define HAVE_SYS_STAT_H 1
| #define HAVE_STDLIB_H 1
| #define HAVE_STRING_H 1
| #define HAVE_MEMORY_H 1
| #define HAVE_STRINGS_H 1
| #define HAVE_INTTYPES_H 1
| #define HAVE_STDINT_H 1
| #define HAVE_UNISTD_H 1
| #define HAVE_DLFCN_H 1
| #define LT_OBJDIR ".libs/"
| /* end confdefs.h.  */
| #include <ac_nonexistent.h>
configure:12216: result: g++-mp-4.9 -E
configure:12236: g++-mp-4.9 -E  -I/opt/local/lib/gcc49/gcc/x86_64-apple-darwin14/4.9.1/include -I/opt/local/include conftest.cpp
configure:12236: $? = 0
configure:12250: g++-mp-4.9 -E  -I/opt/local/lib/gcc49/gcc/x86_64-apple-darwin14/4.9.1/include -I/opt/local/include conftest.cpp
conftest.cpp:23:28: fatal error: ac_nonexistent.h: No such file or directory
 #include <ac_nonexistent.h>
                            ^
compilation terminated.
configure:12250: $? = 1
configure: failed program was:
| /* confdefs.h */
| #define PACKAGE_NAME "FULL-PACKAGE-NAME"
| #define PACKAGE_TARNAME "full-package-name"
| #define PACKAGE_VERSION "1.0"
| #define PACKAGE_STRING "FULL-PACKAGE-NAME 1.0"
| #define PACKAGE_BUGREPORT "BUG-REPORT-ADDRESS"
| #define PACKAGE_URL ""
| #define PACKAGE "full-package-name"
| #define VERSION "1.0"
| #define STDC_HEADERS 1
| #define HAVE_SYS_TYPES_H 1
| #define HAVE_SYS_STAT_H 1
| #define HAVE_STDLIB_H 1
| #define HAVE_STRING_H 1
| #define HAVE_MEMORY_H 1
| #define HAVE_STRINGS_H 1
| #define HAVE_INTTYPES_H 1
| #define HAVE_STDINT_H 1
| #define HAVE_UNISTD_H 1
| #define HAVE_DLFCN_H 1
| #define LT_OBJDIR ".libs/"
| /* end confdefs.h.  */
| #include <ac_nonexistent.h>
configure:12419: checking for ld used by g++-mp-4.9
configure:12486: result: /opt/local/bin/ld
configure:12493: checking if the linker (/opt/local/bin/ld) is GNU ld
configure:12508: result: no
configure:12563: checking whether the g++-mp-4.9 linker (/opt/local/bin/ld) supports shared libraries
configure:13568: result: yes
configure:13604: g++-mp-4.9 -c -g -O2  -I/opt/local/lib/gcc49/gcc/x86_64-apple-darwin14/4.9.1/include -I/opt/local/include conftest.cpp >&5
configure:13607: $? = 0
configure:14127: checking for g++-mp-4.9 option to produce PIC
configure:14134: result: -fno-common -DPIC
configure:14142: checking if g++-mp-4.9 PIC flag -fno-common -DPIC works
configure:14160: g++-mp-4.9 -c -g -O2  -I/opt/local/lib/gcc49/gcc/x86_64-apple-darwin14/4.9.1/include -I/opt/local/include -fno-common -DPIC -DPIC conftest.cpp >&5
configure:14164: $? = 0
configure:14177: result: yes
configure:14200: checking if g++-mp-4.9 static flag -static works
configure:14228: result: no
configure:14240: checking if g++-mp-4.9 supports -c -o file.o
configure:14261: g++-mp-4.9 -c -g -O2  -I/opt/local/lib/gcc49/gcc/x86_64-apple-darwin14/4.9.1/include -I/opt/local/include -o out/conftest2.o conftest.cpp >&5
configure:14265: $? = 0
configure:14287: result: yes
configure:14292: checking if g++-mp-4.9 supports -c -o file.o
configure:14339: result: yes
configure:14369: checking whether the g++-mp-4.9 linker (/opt/local/bin/ld) supports shared libraries
configure:14405: result: yes
configure:14546: checking dynamic linker characteristics
configure:15213: result: darwin14.0.0 dyld
configure:15266: checking how to hardcode library paths into programs
configure:15291: result: immediate
configure:15379: checking for gcc
configure:15406: result: /opt/local/bin/g++-mp-4.9
configure:15635: checking for C compiler version
configure:15644: /opt/local/bin/g++-mp-4.9 --version >&5
g++-mp-4.9 (MacPorts gcc49 4.9.2_0) 4.9.2
Copyright (C) 2014 Free Software Foundation, Inc.
This is free software; see the source for copying conditions.  There is NO
warranty; not even for MERCHANTABILITY or FITNESS FOR A PARTICULAR PURPOSE.

configure:15655: $? = 0
configure:15644: /opt/local/bin/g++-mp-4.9 -v >&5
Using built-in specs.
COLLECT_GCC=/opt/local/bin/g++-mp-4.9
COLLECT_LTO_WRAPPER=/opt/local/libexec/gcc/x86_64-apple-darwin14/4.9.2/lto-wrapper
Target: x86_64-apple-darwin14
Configured with: /opt/local/var/macports/build/_opt_local_var_macports_sources_rsync.macports.org_release_tarballs_ports_lang_gcc49/gcc49/work/gcc-4.9.2/configure --prefix=/opt/local --build=x86_64-apple-darwin14 --enable-languages=c,c++,objc,obj-c++,lto,fortran,java --libdir=/opt/local/lib/gcc49 --includedir=/opt/local/include/gcc49 --infodir=/opt/local/share/info --mandir=/opt/local/share/man --datarootdir=/opt/local/share/gcc-4.9 --with-local-prefix=/opt/local --with-system-zlib --disable-nls --program-suffix=-mp-4.9 --with-gxx-include-dir=/opt/local/include/gcc49/c++/ --with-gmp=/opt/local --with-mpfr=/opt/local --with-mpc=/opt/local --with-cloog=/opt/local --enable-cloog-backend=isl --disable-cloog-version-check --enable-stage1-checking --disable-multilib --enable-lto --enable-libstdcxx-time --with-as=/opt/local/bin/as --with-ld=/opt/local/bin/ld --with-ar=/opt/local/bin/ar --with-bugurl=https://trac.macports.org/newticket --with-pkgversion='MacPorts gcc49 4.9.2_0'
Thread model: posix
gcc version 4.9.2 (MacPorts gcc49 4.9.2_0) 
configure:15655: $? = 0
configure:15644: /opt/local/bin/g++-mp-4.9 -V >&5
g++-mp-4.9: error: unrecognized command line option '-V'
g++-mp-4.9: fatal error: no input files
compilation terminated.
configure:15655: $? = 1
configure:15644: /opt/local/bin/g++-mp-4.9 -qversion >&5
g++-mp-4.9: error: unrecognized command line option '-qversion'
g++-mp-4.9: fatal error: no input files
compilation terminated.
configure:15655: $? = 1
configure:15659: checking whether we are using the GNU C compiler
configure:15687: result: yes
configure:15696: checking whether /opt/local/bin/g++-mp-4.9 accepts -g
configure:15757: result: yes
configure:15774: checking for /opt/local/bin/g++-mp-4.9 option to accept ISO C89
configure:15853: result: unsupported
configure:15875: checking whether /opt/local/bin/g++-mp-4.9 understands -c and -o together
configure:15912: result: yes
configure:15931: checking dependency style of /opt/local/bin/g++-mp-4.9
configure:16042: result: gcc3
configure:16060: checking for main in -lgomp
configure:16079: /opt/local/bin/g++-mp-4.9 -o conftest -g -O2  -I/opt/local/lib/gcc49/gcc/x86_64-apple-darwin14/4.9.1/include -I/opt/local/include  -L/opt/local/lib -L/opt/local/lib/gcc49 conftest.c -lgomp   >&5
configure:16079: $? = 0
configure:16088: result: yes
configure:16100: checking for main in -lgsl
configure:16119: /opt/local/bin/g++-mp-4.9 -o conftest -g -O2  -I/opt/local/lib/gcc49/gcc/x86_64-apple-darwin14/4.9.1/include -I/opt/local/include  -L/opt/local/lib -L/opt/local/lib/gcc49 conftest.c -lgsl  -lgomp  >&5
configure:16119: $? = 0
configure:16128: result: yes
configure:16140: checking for main in -lgslcblas
configure:16159: /opt/local/bin/g++-mp-4.9 -o conftest -g -O2  -I/opt/local/lib/gcc49/gcc/x86_64-apple-darwin14/4.9.1/include -I/opt/local/include  -L/opt/local/lib -L/opt/local/lib/gcc49 conftest.c -lgslcblas  -lgsl -lgomp  >&5
configure:16159: $? = 0
configure:16168: result: yes
configure:16180: checking for main in -lSDL2
configure:16199: /opt/local/bin/g++-mp-4.9 -o conftest -g -O2  -I/opt/local/lib/gcc49/gcc/x86_64-apple-darwin14/4.9.1/include -I/opt/local/include  -L/opt/local/lib -L/opt/local/lib/gcc49 conftest.c -lSDL2  -lgslcblas -lgsl -lgomp  >&5
configure:16199: $? = 0
configure:16208: result: yes
configure:16228: checking float.h usability
configure:16228: /opt/local/bin/g++-mp-4.9 -c -g -O2  -I/opt/local/lib/gcc49/gcc/x86_64-apple-darwin14/4.9.1/include -I/opt/local/include conftest.c >&5
configure:16228: $? = 0
configure:16228: result: yes
configure:16228: checking float.h presence
configure:16228: /opt/local/bin/g++-mp-4.9 -E  -I/opt/local/lib/gcc49/gcc/x86_64-apple-darwin14/4.9.1/include -I/opt/local/include conftest.c
configure:16228: $? = 0
configure:16228: result: yes
configure:16228: checking for float.h
configure:16228: result: yes
configure:16228: checking for stdint.h
configure:16228: result: yes
configure:16228: checking for stdlib.h
configure:16228: result: yes
configure:16228: checking for string.h
configure:16228: result: yes
configure:16228: checking for unistd.h
configure:16228: result: yes
configure:16240: checking for stdbool.h that conforms to C99
configure:16307: /opt/local/bin/g++-mp-4.9 -c -g -O2  -I/opt/local/lib/gcc49/gcc/x86_64-apple-darwin14/4.9.1/include -I/opt/local/include conftest.c >&5
configure:16307: $? = 0
configure:16314: result: yes
configure:16316: checking for _Bool
configure:16316: /opt/local/bin/g++-mp-4.9 -c -g -O2  -I/opt/local/lib/gcc49/gcc/x86_64-apple-darwin14/4.9.1/include -I/opt/local/include conftest.c >&5
conftest.c: In function 'int main()':
conftest.c:67:13: error: '_Bool' was not declared in this scope
 if (sizeof (_Bool))
             ^
configure:16316: $? = 1
configure: failed program was:
| /* confdefs.h */
| #define PACKAGE_NAME "FULL-PACKAGE-NAME"
| #define PACKAGE_TARNAME "full-package-name"
| #define PACKAGE_VERSION "1.0"
| #define PACKAGE_STRING "FULL-PACKAGE-NAME 1.0"
| #define PACKAGE_BUGREPORT "BUG-REPORT-ADDRESS"
| #define PACKAGE_URL ""
| #define PACKAGE "full-package-name"
| #define VERSION "1.0"
| #define STDC_HEADERS 1
| #define HAVE_SYS_TYPES_H 1
| #define HAVE_SYS_STAT_H 1
| #define HAVE_STDLIB_H 1
| #define HAVE_STRING_H 1
| #define HAVE_MEMORY_H 1
| #define HAVE_STRINGS_H 1
| #define HAVE_INTTYPES_H 1
| #define HAVE_STDINT_H 1
| #define HAVE_UNISTD_H 1
| #define HAVE_DLFCN_H 1
| #define LT_OBJDIR ".libs/"
| #define HAVE_LIBGOMP 1
| #define HAVE_LIBGSL 1
| #define HAVE_LIBGSLCBLAS 1
| #define HAVE_FLOAT_H 1
| #define HAVE_STDINT_H 1
| #define HAVE_STDLIB_H 1
| #define HAVE_STRING_H 1
| #define HAVE_UNISTD_H 1
| /* end confdefs.h.  */
| #include <stdio.h>
| #ifdef HAVE_SYS_TYPES_H
| # include <sys/types.h>
| #endif
| #ifdef HAVE_SYS_STAT_H
| # include <sys/stat.h>
| #endif
| #ifdef STDC_HEADERS
| # include <stdlib.h>
| # include <stddef.h>
| #else
| # ifdef HAVE_STDLIB_H
| #  include <stdlib.h>
| # endif
| #endif
| #ifdef HAVE_STRING_H
| # if !defined STDC_HEADERS && defined HAVE_MEMORY_H
| #  include <memory.h>
| # endif
| # include <string.h>
| #endif
| #ifdef HAVE_STRINGS_H
| # include <strings.h>
| #endif
| #ifdef HAVE_INTTYPES_H
| # include <inttypes.h>
| #endif
| #ifdef HAVE_STDINT_H
| # include <stdint.h>
| #endif
| #ifdef HAVE_UNISTD_H
| # include <unistd.h>
| #endif
| int
| main ()
| {
| if (sizeof (_Bool))
| 	 return 0;
|   ;
|   return 0;
| }
configure:16316: result: no
configure:16327: checking for uint32_t
configure:16327: /opt/local/bin/g++-mp-4.9 -c -g -O2  -I/opt/local/lib/gcc49/gcc/x86_64-apple-darwin14/4.9.1/include -I/opt/local/include conftest.c >&5
configure:16327: $? = 0
configure:16327: result: yes
configure:16345: checking for stdlib.h
configure:16345: result: yes
configure:16355: checking for GNU libc compatible malloc
configure:16379: /opt/local/bin/g++-mp-4.9 -o conftest -g -O2  -I/opt/local/lib/gcc49/gcc/x86_64-apple-darwin14/4.9.1/include -I/opt/local/include  -L/opt/local/lib -L/opt/local/lib/gcc49 conftest.c -lgslcblas -lgsl -lgomp  >&5
configure:16379: $? = 0
configure:16379: ./conftest
configure:16379: $? = 0
configure:16389: result: yes
configure:16412: checking for stdlib.h
configure:16412: result: yes
configure:16422: checking for GNU libc compatible realloc
configure:16446: /opt/local/bin/g++-mp-4.9 -o conftest -g -O2  -I/opt/local/lib/gcc49/gcc/x86_64-apple-darwin14/4.9.1/include -I/opt/local/include  -L/opt/local/lib -L/opt/local/lib/gcc49 conftest.c -lgslcblas -lgsl -lgomp  >&5
configure:16446: $? = 0
configure:16446: ./conftest
configure:16446: $? = 0
configure:16456: result: yes
configure:16480: checking for floor
configure:16480: /opt/local/bin/g++-mp-4.9 -o conftest -g -O2  -I/opt/local/lib/gcc49/gcc/x86_64-apple-darwin14/4.9.1/include -I/opt/local/include  -L/opt/local/lib -L/opt/local/lib/gcc49 conftest.c -lgslcblas -lgsl -lgomp  >&5
configure:16480: $? = 0
configure:16480: result: yes
configure:16480: checking for pow
configure:16480: /opt/local/bin/g++-mp-4.9 -o conftest -g -O2  -I/opt/local/lib/gcc49/gcc/x86_64-apple-darwin14/4.9.1/include -I/opt/local/include  -L/opt/local/lib -L/opt/local/lib/gcc49 conftest.c -lgslcblas -lgsl -lgomp  >&5
configure:16480: $? = 0
configure:16480: result: yes
configure:16480: checking for sqrt
configure:16480: /opt/local/bin/g++-mp-4.9 -o conftest -g -O2  -I/opt/local/lib/gcc49/gcc/x86_64-apple-darwin14/4.9.1/include -I/opt/local/include  -L/opt/local/lib -L/opt/local/lib/gcc49 conftest.c -lgslcblas -lgsl -lgomp  >&5
configure:16480: $? = 0
configure:16480: result: yes
configure:16601: checking that generated files are newer than configure
configure:16607: result: done
configure:16642: creating ./config.status

## ---------------------- ##
## Running config.status. ##
## ---------------------- ##

This file was extended by FULL-PACKAGE-NAME config.status 1.0, which was
generated by GNU Autoconf 2.69.  Invocation command line was

  CONFIG_FILES    = 
  CONFIG_HEADERS  = 
  CONFIG_LINKS    = 
  CONFIG_COMMANDS = 
  $ ./config.status 

on mb62258.scidom.de

config.status:1161: creating Makefile
config.status:1161: creating src/tumor3d/Makefile
config.status:1161: creating src/bin_abc/Makefile
config.status:1161: creating src/lunatick/Makefile
config.status:1161: creating src/Makefile
config.status:1161: creating config.h
config.status:1390: executing depfiles commands
config.status:1390: executing libtool commands

## ---------------- ##
## Cache variables. ##
## ---------------- ##

ac_cv_build=x86_64-apple-darwin14.0.0
ac_cv_c_compiler_gnu=yes
ac_cv_c_uint32_t=yes
ac_cv_cxx_compiler_gnu=yes
ac_cv_env_CCC_set=
ac_cv_env_CCC_value=
ac_cv_env_CC_set=set
ac_cv_env_CC_value=/opt/local/bin/g++-mp-4.9
ac_cv_env_CFLAGS_set=
ac_cv_env_CFLAGS_value=
ac_cv_env_CPPFLAGS_set=
ac_cv_env_CPPFLAGS_value=
ac_cv_env_CPP_set=
ac_cv_env_CPP_value=
ac_cv_env_CXXCPP_set=
ac_cv_env_CXXCPP_value=
ac_cv_env_CXXFLAGS_set=
ac_cv_env_CXXFLAGS_value=
ac_cv_env_CXX_set=
ac_cv_env_CXX_value=
ac_cv_env_LDFLAGS_set=
ac_cv_env_LDFLAGS_value=
ac_cv_env_LIBS_set=
ac_cv_env_LIBS_value=
ac_cv_env_build_alias_set=
ac_cv_env_build_alias_value=
ac_cv_env_host_alias_set=
ac_cv_env_host_alias_value=
ac_cv_env_target_alias_set=
ac_cv_env_target_alias_value=
ac_cv_func_floor=yes
ac_cv_func_malloc_0_nonnull=yes
ac_cv_func_pow=yes
ac_cv_func_realloc_0_nonnull=yes
ac_cv_func_sqrt=yes
ac_cv_header_dlfcn_h=yes
ac_cv_header_float_h=yes
ac_cv_header_inttypes_h=yes
ac_cv_header_memory_h=yes
ac_cv_header_stdbool_h=yes
ac_cv_header_stdc=yes
ac_cv_header_stdint_h=yes
ac_cv_header_stdlib_h=yes
ac_cv_header_string_h=yes
ac_cv_header_strings_h=yes
ac_cv_header_sys_stat_h=yes
ac_cv_header_sys_types_h=yes
ac_cv_header_unistd_h=yes
ac_cv_host=x86_64-apple-darwin14.0.0
ac_cv_lib_SDL2_main=yes
ac_cv_lib_gomp_main=yes
ac_cv_lib_gsl_main=yes
ac_cv_lib_gslcblas_main=yes
ac_cv_objext=o
ac_cv_path_EGREP='/opt/local/bin/grep -E'
ac_cv_path_FGREP='/opt/local/bin/grep -F'
ac_cv_path_GREP=/opt/local/bin/grep
ac_cv_path_SED=/opt/local/bin/gsed
ac_cv_path_install='/usr/bin/install -c'
ac_cv_prog_AWK=gawk
ac_cv_prog_CPP='/opt/local/bin/g++-mp-4.9 -E'
ac_cv_prog_CXXCPP='g++-mp-4.9 -E'
ac_cv_prog_ac_ct_AR=ar
ac_cv_prog_ac_ct_CC=/opt/local/bin/g++-mp-4.9
ac_cv_prog_ac_ct_CXX=g++-mp-4.9
ac_cv_prog_ac_ct_DSYMUTIL=dsymutil
ac_cv_prog_ac_ct_LIPO=lipo
ac_cv_prog_ac_ct_NMEDIT=nmedit
ac_cv_prog_ac_ct_OTOOL=otool
ac_cv_prog_ac_ct_RANLIB=ranlib
ac_cv_prog_ac_ct_STRIP=strip
ac_cv_prog_cc_c89=no
ac_cv_prog_cc_g=yes
ac_cv_prog_cxx_g=yes
ac_cv_prog_make_make_set=yes
ac_cv_type__Bool=no
am_cv_CC_dependencies_compiler_type=gcc3
am_cv_CXX_dependencies_compiler_type=gcc3
am_cv_make_support_nested_variables=yes
am_cv_prog_cc_c_o=yes
lt_cv_apple_cc_single_mod=yes
lt_cv_ar_at_file=no
lt_cv_deplibs_check_method=pass_all
lt_cv_file_magic_cmd='$MAGIC_CMD'
lt_cv_file_magic_test_file=
lt_cv_ld_exported_symbols_list=yes
lt_cv_ld_force_load=yes
lt_cv_ld_reload_flag=-r
lt_cv_nm_interface='BSD nm'
lt_cv_objdir=.libs
lt_cv_path_LD=/opt/local/bin/ld
lt_cv_path_LDCXX=/opt/local/bin/ld
lt_cv_path_NM=/usr/bin/nm
lt_cv_path_mainfest_tool=no
lt_cv_prog_compiler_c_o=yes
lt_cv_prog_compiler_c_o_CXX=yes
lt_cv_prog_compiler_pic='-fno-common -DPIC'
lt_cv_prog_compiler_pic_CXX='-fno-common -DPIC'
lt_cv_prog_compiler_pic_works=yes
lt_cv_prog_compiler_pic_works_CXX=yes
lt_cv_prog_compiler_rtti_exceptions=yes
lt_cv_prog_compiler_static_works=no
lt_cv_prog_compiler_static_works_CXX=no
lt_cv_prog_gnu_ld=no
lt_cv_prog_gnu_ldcxx=no
lt_cv_sharedlib_from_linklib_cmd='printf %s\n'
lt_cv_sys_global_symbol_pipe='sed -n -e '\''s/^.*[	 ]\([BCDEGRST][BCDEGRST]*\)[	 ][	 ]*_\([_A-Za-z][_A-Za-z0-9]*\)$/\1 _\2 \2/p'\'' | sed '\''/ __gnu_lto/d'\'''
lt_cv_sys_global_symbol_to_c_name_address='sed -n -e '\''s/^: \([^ ]*\)[ ]*$/  {\"\1\", (void *) 0},/p'\'' -e '\''s/^[BCDEGRST]* \([^ ]*\) \([^ ]*\)$/  {"\2", (void *) \&\2},/p'\'''
lt_cv_sys_global_symbol_to_c_name_address_lib_prefix='sed -n -e '\''s/^: \([^ ]*\)[ ]*$/  {\"\1\", (void *) 0},/p'\'' -e '\''s/^[BCDEGRST]* \([^ ]*\) \(lib[^ ]*\)$/  {"\2", (void *) \&\2},/p'\'' -e '\''s/^[BCDEGRST]* \([^ ]*\) \([^ ]*\)$/  {"lib\2", (void *) \&\2},/p'\'''
lt_cv_sys_global_symbol_to_cdecl='sed -n -e '\''s/^T .* \(.*\)$/extern int \1();/p'\'' -e '\''s/^[BCDEGRST]* .* \(.*\)$/extern char \1;/p'\'''
lt_cv_sys_max_cmd_len=196608
lt_cv_to_host_file_cmd=func_convert_file_noop
lt_cv_to_tool_file_cmd=func_convert_file_noop

## ----------------- ##
## Output variables. ##
## ----------------- ##

ACLOCAL='${SHELL} /Users/jagiella/Dropbox/Work/CODE/libnix/config/missing aclocal-1.14'
AMDEPBACKSLASH='\'
AMDEP_FALSE='#'
AMDEP_TRUE=''
AMTAR='$${TAR-tar}'
AM_BACKSLASH='\'
AM_DEFAULT_V='$(AM_DEFAULT_VERBOSITY)'
AM_DEFAULT_VERBOSITY='1'
AM_V='$(V)'
AR='ar'
AUTOCONF='${SHELL} /Users/jagiella/Dropbox/Work/CODE/libnix/config/missing autoconf'
AUTOHEADER='${SHELL} /Users/jagiella/Dropbox/Work/CODE/libnix/config/missing autoheader'
AUTOMAKE='${SHELL} /Users/jagiella/Dropbox/Work/CODE/libnix/config/missing automake-1.14'
AWK='gawk'
CC='/opt/local/bin/g++-mp-4.9'
CCDEPMODE='depmode=gcc3'
CFLAGS='-g -O2'
CPP='/opt/local/bin/g++-mp-4.9 -E'
CPPFLAGS=' -I/opt/local/lib/gcc49/gcc/x86_64-apple-darwin14/4.9.1/include -I/opt/local/include'
CXX='g++-mp-4.9'
CXXCPP='g++-mp-4.9 -E'
CXXDEPMODE='depmode=gcc3'
CXXFLAGS='-g -O2'
CYGPATH_W='echo'
DEFS='-DHAVE_CONFIG_H'
DEPDIR='.deps'
DLLTOOL='false'
DSYMUTIL='dsymutil'
DUMPBIN=''
ECHO_C='\c'
ECHO_N=''
ECHO_T=''
EGREP='/opt/local/bin/grep -E'
EXEEXT=''
FGREP='/opt/local/bin/grep -F'
GREP='/opt/local/bin/grep'
INSTALL_DATA='${INSTALL} -m 644'
INSTALL_PROGRAM='${INSTALL}'
INSTALL_SCRIPT='${INSTALL}'
INSTALL_STRIP_PROGRAM='$(install_sh) -c -s'
LD='/opt/local/bin/ld'
LDFLAGS=' -L/opt/local/lib -L/opt/local/lib/gcc49'
LIBOBJS=''
LIBS='-lgslcblas -lgsl -lgomp '
LIBTOOL='$(SHELL) $(top_builddir)/libtool'
LIPO='lipo'
LN_S='ln -s'
LTLIBOBJS=''
MAKEINFO='${SHELL} /Users/jagiella/Dropbox/Work/CODE/libnix/config/missing makeinfo'
MANIFEST_TOOL=':'
MKDIR_P='config/install-sh -c -d'
NM='/usr/bin/nm'
NMEDIT='nmedit'
OBJDUMP='false'
OBJEXT='o'
OTOOL64=':'
OTOOL='otool'
PACKAGE='full-package-name'
PACKAGE_BUGREPORT='BUG-REPORT-ADDRESS'
PACKAGE_NAME='FULL-PACKAGE-NAME'
PACKAGE_STRING='FULL-PACKAGE-NAME 1.0'
PACKAGE_TARNAME='full-package-name'
PACKAGE_URL=''
PACKAGE_VERSION='1.0'
PATH_SEPARATOR=':'
RANLIB='ranlib'
SED='/opt/local/bin/gsed'
SET_MAKE=''
SHELL='/bin/sh'
STRIP='strip'
USE_LIBSDL2_FALSE='#'
USE_LIBSDL2_TRUE=''
VERSION='1.0'
ac_ct_AR='ar'
ac_ct_CC='/opt/local/bin/g++-mp-4.9'
ac_ct_CXX='g++-mp-4.9'
ac_ct_DUMPBIN=''
am__EXEEXT_FALSE=''
am__EXEEXT_TRUE='#'
am__fastdepCC_FALSE='#'
am__fastdepCC_TRUE=''
am__fastdepCXX_FALSE='#'
am__fastdepCXX_TRUE=''
am__include='include'
am__isrc=''
am__leading_dot='.'
am__nodep='_no'
am__quote=''
am__tar='$${TAR-tar} chof - "$$tardir"'
am__untar='$${TAR-tar} xf -'
bindir='${exec_prefix}/bin'
build='x86_64-apple-darwin14.0.0'
build_alias=''
build_cpu='x86_64'
build_os='darwin14.0.0'
build_vendor='apple'
datadir='${datarootdir}'
datarootdir='${prefix}/share'
docdir='${datarootdir}/doc/${PACKAGE_TARNAME}'
dvidir='${docdir}'
exec_prefix='${prefix}'
host='x86_64-apple-darwin14.0.0'
host_alias=''
host_cpu='x86_64'
host_os='darwin14.0.0'
host_vendor='apple'
htmldir='${docdir}'
includedir='${prefix}/include'
infodir='${datarootdir}/info'
install_sh='${SHELL} /Users/jagiella/Dropbox/Work/CODE/libnix/config/install-sh'
libdir='${exec_prefix}/lib'
libexecdir='${exec_prefix}/libexec'
localedir='${datarootdir}/locale'
localstatedir='${prefix}/var'
mandir='${datarootdir}/man'
mkdir_p='$(MKDIR_P)'
oldincludedir='/usr/include'
pdfdir='${docdir}'
prefix='/usr/local'
program_transform_name='s,x,x,'
psdir='${docdir}'
sbindir='${exec_prefix}/sbin'
sharedstatedir='${prefix}/com'
sysconfdir='${prefix}/etc'
target_alias=''

## ----------- ##
## confdefs.h. ##
## ----------- ##

/* confdefs.h */
#define PACKAGE_NAME "FULL-PACKAGE-NAME"
#define PACKAGE_TARNAME "full-package-name"
#define PACKAGE_VERSION "1.0"
#define PACKAGE_STRING "FULL-PACKAGE-NAME 1.0"
#define PACKAGE_BUGREPORT "BUG-REPORT-ADDRESS"
#define PACKAGE_URL ""
#define PACKAGE "full-package-name"
#define VERSION "1.0"
#define STDC_HEADERS 1
#define HAVE_SYS_TYPES_H 1
#define HAVE_SYS_STAT_H 1
#define HAVE_STDLIB_H 1
#define HAVE_STRING_H 1
#define HAVE_MEMORY_H 1
#define HAVE_STRINGS_H 1
#define HAVE_INTTYPES_H 1
#define HAVE_STDINT_H 1
#define HAVE_UNISTD_H 1
#define HAVE_DLFCN_H 1
#define LT_OBJDIR ".libs/"
#define HAVE_LIBGOMP 1
#define HAVE_LIBGSL 1
#define HAVE_LIBGSLCBLAS 1
#define HAVE_FLOAT_H 1
#define HAVE_STDINT_H 1
#define HAVE_STDLIB_H 1
#define HAVE_STRING_H 1
#define HAVE_UNISTD_H 1
#define HAVE_STDLIB_H 1
#define HAVE_MALLOC 1
#define HAVE_STDLIB_H 1
#define HAVE_REALLOC 1
#define HAVE_FLOOR 1
#define HAVE_POW 1
#define HAVE_SQRT 1

configure: exit 0
